# JRE version: OpenJDK Runtime Environment (11.0.15) (build 11.0.15+0-b2043.56-9505619)
# Java VM: OpenJDK 64-Bit Server VM (11.0.15+0-b2043.56-9505619, mixed mode, tiered, compressed oops, g1 gc, windows-amd64)
Heap:
 garbage-first heap   total 260096K, used 194851K [0x0000000080000000, 0x0000000100000000)
  region size 1024K, 6 young (6144K), 3 survivors (3072K)
 Metaspace       used 109139K, capacity 112412K, committed 112508K, reserved 1146880K
  class space    used 13895K, capacity 15057K, committed 15104K, reserved 1048576K
GC Heap History (20 events):
Event: 10.280 GC heap before
{Heap before GC invocations=19 (full 0):
 garbage-first heap   total 260096K, used 218324K [0x0000000080000000, 0x0000000100000000)
  region size 1024K, 57 young (58368K), 3 survivors (3072K)
 Metaspace       used 96266K, capacity 98904K, committed 99196K, reserved 1134592K
  class space    used 12564K, capacity 13501K, committed 13568K, reserved 1048576K
}
Event: 10.284 GC heap after
{Heap after GC invocations=20 (full 0):
 garbage-first heap   total 260096K, used 163132K [0x0000000080000000, 0x0000000100000000)
  region size 1024K, 4 young (4096K), 4 survivors (4096K)
 Metaspace       used 96266K, capacity 98904K, committed 99196K, reserved 1134592K
  class space    used 12564K, capacity 13501K, committed 13568K, reserved 1048576K
}
Event: 11.383 GC heap before
{Heap before GC invocations=20 (full 0):
 garbage-first heap   total 260096K, used 217404K [0x0000000080000000, 0x0000000100000000)
  region size 1024K, 58 young (59392K), 4 survivors (4096K)
 Metaspace       used 102033K, capacity 104847K, committed 105084K, reserved 1140736K
  class space    used 13260K, capacity 14293K, committed 14336K, reserved 1048576K
}
Event: 11.393 GC heap after
{Heap after GC invocations=21 (full 0):
 garbage-first heap   total 260096K, used 166874K [0x0000000080000000, 0x0000000100000000)
  region size 1024K, 7 young (7168K), 7 survivors (7168K)
 Metaspace       used 102033K, capacity 104847K, committed 105084K, reserved 1140736K
  class space    used 13260K, capacity 14293K, committed 14336K, reserved 1048576K
}
Event: 11.798 GC heap before
{Heap before GC invocations=22 (full 0):
 garbage-first heap   total 260096K, used 219098K [0x0000000080000000, 0x0000000100000000)
  region size 1024K, 59 young (60416K), 7 survivors (7168K)
 Metaspace       used 102914K, capacity 105732K, committed 105980K, reserved 1140736K
  class space    used 13329K, capacity 14398K, committed 14464K, reserved 1048576K
}
Event: 11.810 GC heap after
{Heap after GC invocations=23 (full 0):
 garbage-first heap   total 260096K, used 170746K [0x0000000080000000, 0x0000000100000000)
  region size 1024K, 8 young (8192K), 8 survivors (8192K)
 Metaspace       used 102914K, capacity 105732K, committed 105980K, reserved 1140736K
  class space    used 13329K, capacity 14398K, committed 14464K, reserved 1048576K
}
Event: 12.434 GC heap before
{Heap before GC invocations=23 (full 0):
 garbage-first heap   total 260096K, used 219898K [0x0000000080000000, 0x0000000100000000)
  region size 1024K, 57 young (58368K), 8 survivors (8192K)
 Metaspace       used 104576K, capacity 107433K, committed 107644K, reserved 1142784K
  class space    used 13474K, capacity 14537K, committed 14592K, reserved 1048576K
}
Event: 12.443 GC heap after
{Heap after GC invocations=24 (full 0):
 garbage-first heap   total 260096K, used 173678K [0x0000000080000000, 0x0000000100000000)
  region size 1024K, 7 young (7168K), 7 survivors (7168K)
 Metaspace       used 104576K, capacity 107433K, committed 107644K, reserved 1142784K
  class space    used 13474K, capacity 14537K, committed 14592K, reserved 1048576K
}
Event: 12.736 GC heap before
{Heap before GC invocations=25 (full 0):
 garbage-first heap   total 260096K, used 222830K [0x0000000080000000, 0x0000000100000000)
  region size 1024K, 55 young (56320K), 7 survivors (7168K)
 Metaspace       used 105991K, capacity 108812K, committed 109052K, reserved 1144832K
  class space    used 13655K, capacity 14698K, committed 14720K, reserved 1048576K
}
Event: 12.744 GC heap after
{Heap after GC invocations=26 (full 0):
 garbage-first heap   total 260096K, used 175607K [0x0000000080000000, 0x0000000100000000)
  region size 1024K, 6 young (6144K), 6 survivors (6144K)
 Metaspace       used 105991K, capacity 108812K, committed 109052K, reserved 1144832K
  class space    used 13655K, capacity 14698K, committed 14720K, reserved 1048576K
}
Event: 412.613 GC heap before
{Heap before GC invocations=26 (full 0):
 garbage-first heap   total 260096K, used 222711K [0x0000000080000000, 0x0000000100000000)
  region size 1024K, 52 young (53248K), 6 survivors (6144K)
 Metaspace       used 107854K, capacity 111013K, committed 111228K, reserved 1144832K
  class space    used 13872K, capacity 15027K, committed 15104K, reserved 1048576K
}
Event: 412.620 GC heap after
{Heap after GC invocations=27 (full 0):
 garbage-first heap   total 260096K, used 178279K [0x0000000080000000, 0x0000000100000000)
  region size 1024K, 5 young (5120K), 5 survivors (5120K)
 Metaspace       used 107854K, capacity 111013K, committed 111228K, reserved 1144832K
  class space    used 13872K, capacity 15027K, committed 15104K, reserved 1048576K
}
Event: 413.106 GC heap before
{Heap before GC invocations=28 (full 0):
 garbage-first heap   total 260096K, used 223335K [0x0000000080000000, 0x0000000100000000)
  region size 1024K, 50 young (51200K), 5 survivors (5120K)
 Metaspace       used 108322K, capacity 111456K, committed 111740K, reserved 1146880K
  class space    used 13871K, capacity 15024K, committed 15104K, reserved 1048576K
}
Event: 413.110 GC heap after
{Heap after GC invocations=29 (full 0):
 garbage-first heap   total 260096K, used 182736K [0x0000000080000000, 0x0000000100000000)
  region size 1024K, 7 young (7168K), 7 survivors (7168K)
 Metaspace       used 108322K, capacity 111456K, committed 111740K, reserved 1146880K
  class space    used 13871K, capacity 15024K, committed 15104K, reserved 1048576K
}
Event: 471.311 GC heap before
{Heap before GC invocations=29 (full 0):
 garbage-first heap   total 260096K, used 222672K [0x0000000080000000, 0x0000000100000000)
  region size 1024K, 47 young (48128K), 7 survivors (7168K)
 Metaspace       used 108695K, capacity 111866K, committed 111996K, reserved 1146880K
  class space    used 13886K, capacity 15044K, committed 15104K, reserved 1048576K
}
Event: 471.319 GC heap after
{Heap after GC invocations=30 (full 0):
 garbage-first heap   total 260096K, used 186368K [0x0000000080000000, 0x0000000100000000)
  region size 1024K, 4 young (4096K), 4 survivors (4096K)
 Metaspace       used 108695K, capacity 111866K, committed 111996K, reserved 1146880K
  class space    used 13886K, capacity 15044K, committed 15104K, reserved 1048576K
}
Event: 471.837 GC heap before
{Heap before GC invocations=31 (full 0):
 garbage-first heap   total 260096K, used 223232K [0x0000000080000000, 0x0000000100000000)
  region size 1024K, 41 young (41984K), 4 survivors (4096K)
 Metaspace       used 109021K, capacity 112346K, committed 112508K, reserved 1146880K
  class space    used 13894K, capacity 15057K, committed 15104K, reserved 1048576K
}
Event: 471.841 GC heap after
{Heap after GC invocations=32 (full 0):
 garbage-first heap   total 260096K, used 190506K [0x0000000080000000, 0x0000000100000000)
  region size 1024K, 5 young (5120K), 5 survivors (5120K)
 Metaspace       used 109021K, capacity 112346K, committed 112508K, reserved 1146880K
  class space    used 13894K, capacity 15057K, committed 15104K, reserved 1048576K
}
Event: 472.121 GC heap before
{Heap before GC invocations=32 (full 0):
 garbage-first heap   total 260096K, used 223274K [0x0000000080000000, 0x0000000100000000)
  region size 1024K, 37 young (37888K), 5 survivors (5120K)
 Metaspace       used 109116K, capacity 112348K, committed 112508K, reserved 1146880K
  class space    used 13894K, capacity 15057K, committed 15104K, reserved 1048576K
}
Event: 472.130 GC heap after
{Heap after GC invocations=33 (full 0):
 garbage-first heap   total 260096K, used 192803K [0x0000000080000000, 0x0000000100000000)
  region size 1024K, 3 young (3072K), 3 survivors (3072K)
 Metaspace       used 109116K, capacity 112348K, committed 112508K, reserved 1146880K
  class space    used 13894K, capacity 15057K, committed 15104K, reserved 1048576K
}

